Using pre-set license
Built from '2022.3/staging' branch; Version is '2022.3.59f1 (630718f645a5) revision 6489880'; Using compiler version '192829333'; Build Type 'Release'
OS: 'Windows 10  (10.0.19045) 64bit CoreSingleLanguage' Language: 'en' Physical Memory: 16021 MB
BatchMode: 1, IsHumanControllingUs: 0, StartBugReporterOnCrash: 0, Is64bit: 1, IsPro: 1

COMMAND LINE ARGUMENTS:
C:\Program Files\Unity\Hub\Editor\2022.3.59f1\Editor\Unity.exe
-adb2
-batchMode
-noUpm
-name
AssetImportWorker9
-projectPath
C:/Users/victory tech/Desktop/Mobile App/2D platformer
-logFile
Logs/AssetImportWorker9.log
-srvPort
58125
Successfully changed project path to: C:/Users/victory tech/Desktop/Mobile App/2D platformer
C:/Users/victory tech/Desktop/Mobile App/2D platformer
[UnityMemory] Configuration Parameters - Can be set up in boot.config
    "memorysetup-bucket-allocator-granularity=16"
    "memorysetup-bucket-allocator-bucket-count=8"
    "memorysetup-bucket-allocator-block-size=33554432"
    "memorysetup-bucket-allocator-block-count=8"
    "memorysetup-main-allocator-block-size=16777216"
    "memorysetup-thread-allocator-block-size=16777216"
    "memorysetup-gfx-main-allocator-block-size=16777216"
    "memorysetup-gfx-thread-allocator-block-size=16777216"
    "memorysetup-cache-allocator-block-size=4194304"
    "memorysetup-typetree-allocator-block-size=2097152"
    "memorysetup-profiler-bucket-allocator-granularity=16"
    "memorysetup-profiler-bucket-allocator-bucket-count=8"
    "memorysetup-profiler-bucket-allocator-block-size=33554432"
    "memorysetup-profiler-bucket-allocator-block-count=8"
    "memorysetup-profiler-allocator-block-size=16777216"
    "memorysetup-profiler-editor-allocator-block-size=1048576"
    "memorysetup-temp-allocator-size-main=16777216"
    "memorysetup-job-temp-allocator-block-size=2097152"
    "memorysetup-job-temp-allocator-block-size-background=1048576"
    "memorysetup-job-temp-allocator-reduction-small-platforms=262144"
    "memorysetup-allocator-temp-initial-block-size-main=262144"
    "memorysetup-allocator-temp-initial-block-size-worker=262144"
    "memorysetup-temp-allocator-size-background-worker=32768"
    "memorysetup-temp-allocator-size-job-worker=262144"
    "memorysetup-temp-allocator-size-preload-manager=33554432"
    "memorysetup-temp-allocator-size-nav-mesh-worker=65536"
    "memorysetup-temp-allocator-size-audio-worker=65536"
    "memorysetup-temp-allocator-size-cloud-worker=32768"
    "memorysetup-temp-allocator-size-gi-baking-worker=262144"
    "memorysetup-temp-allocator-size-gfx=262144"
Player connection [20972]  Target information:

Player connection [20972]  * "[IP] 192.168.56.1 [Port] 0 [Flags] 2 [Guid] 2850147380 [EditorId] 2850147380 [Version] 1048832 [Id] WindowsEditor(7,DESKTOP-TLL8EG5) [Debug] 1 [PackageName] WindowsEditor [ProjectName] Editor" 

Player connection [20972]  * "[IP] 192.168.10.25 [Port] 0 [Flags] 2 [Guid] 2850147380 [EditorId] 2850147380 [Version] 1048832 [Id] WindowsEditor(7,DESKTOP-TLL8EG5) [Debug] 1 [PackageName] WindowsEditor [ProjectName] Editor" 

Player connection [20972] Host joined multi-casting on [225.0.0.222:54997]...
Player connection [20972] Host joined alternative multi-casting on [225.0.0.222:34997]...
Input System module state changed to: Initialized.
[PhysX] Initialized MultithreadedTaskDispatcher with 16 workers.
Refreshing native plugins compatible for Editor in 8.58 ms, found 4 plugins.
Preloading 0 native plugins for Editor in 0.00 ms.
Initialize engine version: 2022.3.59f1 (630718f645a5)
[Subsystems] Discovering subsystems at path C:/Program Files/Unity/Hub/Editor/2022.3.59f1/Editor/Data/Resources/UnitySubsystems
[Subsystems] Discovering subsystems at path C:/Users/victory tech/Desktop/Mobile App/2D platformer/Assets
GfxDevice: creating device client; threaded=0; jobified=0
Direct3D:
    Version:  Direct3D 11.0 [level 11.1]
    Renderer: NVIDIA GeForce RTX 3060 Laptop GPU (ID=0x2520)
    Vendor:   NVIDIA
    VRAM:     5996 MB
    Driver:   32.0.15.7270
Initialize mono
Mono path[0] = 'C:/Program Files/Unity/Hub/Editor/2022.3.59f1/Editor/Data/Managed'
Mono path[1] = 'C:/Program Files/Unity/Hub/Editor/2022.3.59f1/Editor/Data/MonoBleedingEdge/lib/mono/unityjit-win32'
Mono config path = 'C:/Program Files/Unity/Hub/Editor/2022.3.59f1/Editor/Data/MonoBleedingEdge/etc'
Using monoOptions --debugger-agent=transport=dt_socket,embedding=1,server=y,suspend=n,address=127.0.0.1:56584
Begin MonoManager ReloadAssembly
Registering precompiled unity dll's ...
Register platform support module: C:/Program Files/Unity/Hub/Editor/2022.3.59f1/Editor/Data/PlaybackEngines/AndroidPlayer/UnityEditor.Android.Extensions.dll
Register platform support module: C:/Program Files/Unity/Hub/Editor/2022.3.59f1/Editor/Data/PlaybackEngines/iOSSupport/UnityEditor.iOS.Extensions.dll
Register platform support module: C:/Program Files/Unity/Hub/Editor/2022.3.59f1/Editor/Data/PlaybackEngines/WindowsStandaloneSupport/UnityEditor.WindowsStandalone.Extensions.dll
Registered in 0.007960 seconds.
- Loaded All Assemblies, in  0.281 seconds
Native extension for WindowsStandalone target not found
[usbmuxd] Start listen thread
[usbmuxd] Listen thread started
Native extension for iOS target not found
Native extension for Android target not found
Android Extension - Scanning For ADB Devices 181 ms
Mono: successfully reloaded assembly
- Finished resetting the current domain, in  0.438 seconds
Domain Reload Profiling: 718ms
	BeginReloadAssembly (82ms)
		ExecutionOrderSort (0ms)
		DisableScriptedObjects (0ms)
		BackupInstance (0ms)
		ReleaseScriptingObjects (0ms)
		CreateAndSetChildDomain (1ms)
	RebuildCommonClasses (26ms)
	RebuildNativeTypeToScriptingClass (8ms)
	initialDomainReloadingComplete (46ms)
	LoadAllAssembliesAndSetupDomain (117ms)
		LoadAssemblies (82ms)
		RebuildTransferFunctionScriptingTraits (0ms)
		AnalyzeDomain (115ms)
			TypeCache.Refresh (114ms)
				TypeCache.ScanAssembly (103ms)
			ScanForSourceGeneratedMonoScriptInfo (0ms)
			ResolveRequiredComponents (0ms)
	FinalizeReload (439ms)
		ReleaseScriptCaches (0ms)
		RebuildScriptCaches (0ms)
		SetupLoadedEditorAssemblies (402ms)
			LogAssemblyErrors (0ms)
			InitializePlatformSupportModulesInManaged (265ms)
			SetLoadedEditorAssemblies (4ms)
			RefreshPlugins (0ms)
			BeforeProcessingInitializeOnLoad (2ms)
			ProcessInitializeOnLoadAttributes (96ms)
			ProcessInitializeOnLoadMethodAttributes (35ms)
			AfterProcessingInitializeOnLoad (0ms)
			EditorAssembliesLoaded (0ms)
		ExecutionOrderSort2 (0ms)
		AwakeInstancesAfterBackupRestoration (0ms)
========================================================================
Worker process is ready to serve import requests
Caller must complete domain reload
Begin MonoManager ReloadAssembly
- Loaded All Assemblies, in  0.570 seconds
Native extension for WindowsStandalone target not found
Native extension for iOS target not found
Native extension for Android target not found
Mono: successfully reloaded assembly
- Finished resetting the current domain, in  0.627 seconds
Domain Reload Profiling: 1195ms
	BeginReloadAssembly (114ms)
		ExecutionOrderSort (0ms)
		DisableScriptedObjects (4ms)
		BackupInstance (0ms)
		ReleaseScriptingObjects (0ms)
		CreateAndSetChildDomain (19ms)
	RebuildCommonClasses (27ms)
	RebuildNativeTypeToScriptingClass (8ms)
	initialDomainReloadingComplete (32ms)
	LoadAllAssembliesAndSetupDomain (386ms)
		LoadAssemblies (257ms)
		RebuildTransferFunctionScriptingTraits (0ms)
		AnalyzeDomain (191ms)
			TypeCache.Refresh (154ms)
				TypeCache.ScanAssembly (137ms)
			ScanForSourceGeneratedMonoScriptInfo (26ms)
			ResolveRequiredComponents (10ms)
	FinalizeReload (628ms)
		ReleaseScriptCaches (0ms)
		RebuildScriptCaches (0ms)
		SetupLoadedEditorAssemblies (480ms)
			LogAssemblyErrors (0ms)
			InitializePlatformSupportModulesInManaged (21ms)
			SetLoadedEditorAssemblies (5ms)
			RefreshPlugins (0ms)
			BeforeProcessingInitializeOnLoad (69ms)
			ProcessInitializeOnLoadAttributes (317ms)
			ProcessInitializeOnLoadMethodAttributes (63ms)
			AfterProcessingInitializeOnLoad (5ms)
			EditorAssembliesLoaded (0ms)
		ExecutionOrderSort2 (0ms)
		AwakeInstancesAfterBackupRestoration (4ms)
Launched and connected shader compiler UnityShaderCompiler.exe after 0.03 seconds
Refreshing native plugins compatible for Editor in 3.93 ms, found 4 plugins.
Preloading 0 native plugins for Editor in 0.00 ms.
Unloading 6260 Unused Serialized files (Serialized files now loaded: 0)
Unloading 63 unused Assets / (1.0 MB). Loaded Objects now: 6717.
Memory consumption went from 237.2 MB to 236.2 MB.
Total: 4.431100 ms (FindLiveObjects: 0.482900 ms CreateObjectMapping: 0.265200 ms MarkObjects: 3.076500 ms  DeleteObjects: 0.605400 ms)

AssetImportParameters requested are different than current active one (requested -> active):
  custom:container-demuxer-ogg: 62fdf1f143b41e24485cea50d1cbac27 -> 
  custom:video-decoder-ogg-theora: a1e56fd34408186e4bbccfd4996cb3dc -> 
  custom:framework-win-MediaFoundation: 216162199b28c13a410421893ffa2e32 -> 
  custom:CustomObjectIndexerAttribute: 72b91833f83ae208fae7752999fa3104 -> 
  custom:container-demuxer-webm: 4f35f7cbe854078d1ac9338744f61a02 -> 
  custom:container-muxer-webm: aa71ff27fc2769a1b78a27578f13a17b -> 
  custom:video-decoder-webm-vp8: 9c59270c3fd7afecdb556c50c9e8de78 -> 
  custom:SearchIndexIgnoredProperties: e643bd26f0fe6173181afceb89e7c659 -> 
  custom:AudioImporter_EditorPlatform: d09bf68614088b80899f8185d706f6e7 -> 
  custom:video-encoder-webm-vp8: eb34c28f22e8b96e1ab97ce403110664 -> 
  custom:audio-decoder-ogg-vorbis: bf7c407c2cedff20999df2af8eb42d56 -> 
  custom:scripting/monoscript/fileName/Timer.cs: c80d715ca34be5495ff3ea040980b2a3 -> 4e9647e67f044a2c1d0af181d3422309
  custom:audio-encoder-webm-vorbis: bf7c407c2cedff20999df2af8eb42d56 -> 
========================================================================
Received Import Request.
  Time since last request: 8242.261146 seconds.
  path: Assets/Art/freeknight/Colour2/NoOutline/120x80_gifs/__AttackComboNoMovement.gif
  artifactKey: Guid(0b687d2be63b7d442b4fd4c27f356f59) Importer(815301076,1909f56bfc062723c751e8b465ee728b)
Start importing Assets/Art/freeknight/Colour2/NoOutline/120x80_gifs/__AttackComboNoMovement.gif using Guid(0b687d2be63b7d442b4fd4c27f356f59) Importer(815301076,1909f56bfc062723c751e8b465ee728b) [PhysX] Initialized MultithreadedTaskDispatcher with 16 workers.
[PhysX] Initialized MultithreadedTaskDispatcher with 16 workers.
 -> (artifact id: '8ea07a148ef3f8f80da17adb1a23a636') in 0.114852 seconds
Number of updated asset objects reloaded before import = 0
Number of asset objects unloaded after import = 3
========================================================================
Received Import Request.
  Time since last request: 3.624875 seconds.
  path: Assets/Art/freeknight/Colour2/Outline/120x80_gifs/__CrouchTransition.gif
  artifactKey: Guid(b9bad61d50e02c54dac47dc6700eae45) Importer(815301076,1909f56bfc062723c751e8b465ee728b)
Start importing Assets/Art/freeknight/Colour2/Outline/120x80_gifs/__CrouchTransition.gif using Guid(b9bad61d50e02c54dac47dc6700eae45) Importer(815301076,1909f56bfc062723c751e8b465ee728b) [PhysX] Initialized MultithreadedTaskDispatcher with 16 workers.
[PhysX] Initialized MultithreadedTaskDispatcher with 16 workers.
 -> (artifact id: '81c0005a513d8c6f79e7fed0f2d9bef3') in 0.017599 seconds
Number of updated asset objects reloaded before import = 0
Number of asset objects unloaded after import = 3
========================================================================
Received Import Request.
  Time since last request: 0.400133 seconds.
  path: Assets/Art/freeknight/Colour1/Outline/120x80_gifs/__Death.gif
  artifactKey: Guid(641c2d4af3685ce4bb91e3165e50449e) Importer(815301076,1909f56bfc062723c751e8b465ee728b)
Start importing Assets/Art/freeknight/Colour1/Outline/120x80_gifs/__Death.gif using Guid(641c2d4af3685ce4bb91e3165e50449e) Importer(815301076,1909f56bfc062723c751e8b465ee728b) [PhysX] Initialized MultithreadedTaskDispatcher with 16 workers.
[PhysX] Initialized MultithreadedTaskDispatcher with 16 workers.
 -> (artifact id: '78dab1a9b1d89f4197f17435b95ca14c') in 0.017706 seconds
Number of updated asset objects reloaded before import = 0
Number of asset objects unloaded after import = 3
========================================================================
Received Import Request.
  Time since last request: 1.683059 seconds.
  path: Assets/Art/freeknight/Colour1/NoOutline/120x80_gifs/__Fall.gif
  artifactKey: Guid(905119f156ae95840a131b73b373e54f) Importer(815301076,1909f56bfc062723c751e8b465ee728b)
Start importing Assets/Art/freeknight/Colour1/NoOutline/120x80_gifs/__Fall.gif using Guid(905119f156ae95840a131b73b373e54f) Importer(815301076,1909f56bfc062723c751e8b465ee728b) [PhysX] Initialized MultithreadedTaskDispatcher with 16 workers.
[PhysX] Initialized MultithreadedTaskDispatcher with 16 workers.
 -> (artifact id: 'c99fe08107fd6d2f80dc65a54ffdd38b') in 0.012941 seconds
Number of updated asset objects reloaded before import = 0
Number of asset objects unloaded after import = 3
========================================================================
Received Import Request.
  Time since last request: 0.000018 seconds.
  path: Assets/Art/freeknight/Colour2/Outline/120x80_gifs/__Fall.gif
  artifactKey: Guid(8cd55399024db364f8df7d8565688d36) Importer(815301076,1909f56bfc062723c751e8b465ee728b)
Start importing Assets/Art/freeknight/Colour2/Outline/120x80_gifs/__Fall.gif using Guid(8cd55399024db364f8df7d8565688d36) Importer(815301076,1909f56bfc062723c751e8b465ee728b) [PhysX] Initialized MultithreadedTaskDispatcher with 16 workers.
[PhysX] Initialized MultithreadedTaskDispatcher with 16 workers.
 -> (artifact id: '4757a38b9701017e9417f50619dbb3e3') in 0.016355 seconds
Number of updated asset objects reloaded before import = 0
Number of asset objects unloaded after import = 3
========================================================================
Received Import Request.
  Time since last request: 0.000082 seconds.
  path: Assets/Art/freeknight/Colour2/NoOutline/120x80_gifs/__Hit.gif
  artifactKey: Guid(523e2c885c0c43e4b8b1e7c6c446df77) Importer(815301076,1909f56bfc062723c751e8b465ee728b)
Start importing Assets/Art/freeknight/Colour2/NoOutline/120x80_gifs/__Hit.gif using Guid(523e2c885c0c43e4b8b1e7c6c446df77) Importer(815301076,1909f56bfc062723c751e8b465ee728b) [PhysX] Initialized MultithreadedTaskDispatcher with 16 workers.
[PhysX] Initialized MultithreadedTaskDispatcher with 16 workers.
 -> (artifact id: '9c0abaa42ce36c6e9e6967702b5750a3') in 0.010852 seconds
Number of updated asset objects reloaded before import = 0
Number of asset objects unloaded after import = 3
========================================================================
Received Import Request.
  Time since last request: 0.122670 seconds.
  path: Assets/Art/rvros-adventurer/Individual Sprites/adventurer-cast-loop-02.png
  artifactKey: Guid(519d2fc33c211af48b6f8106246d9881) Importer(815301076,1909f56bfc062723c751e8b465ee728b)
Start importing Assets/Art/rvros-adventurer/Individual Sprites/adventurer-cast-loop-02.png using Guid(519d2fc33c211af48b6f8106246d9881) Importer(815301076,1909f56bfc062723c751e8b465ee728b) [PhysX] Initialized MultithreadedTaskDispatcher with 16 workers.
[PhysX] Initialized MultithreadedTaskDispatcher with 16 workers.
 -> (artifact id: '79c9678fbd833501a532176a66a91f65') in 0.008246 seconds
Number of updated asset objects reloaded before import = 0
Number of asset objects unloaded after import = 3
========================================================================
Received Import Request.
  Time since last request: 0.002240 seconds.
  path: Assets/Art/rvros-adventurer/Individual Sprites/adventurer-crnr-clmb-01.png
  artifactKey: Guid(b50df8614e54d7146a9d1a75c5459147) Importer(815301076,1909f56bfc062723c751e8b465ee728b)
Start importing Assets/Art/rvros-adventurer/Individual Sprites/adventurer-crnr-clmb-01.png using Guid(b50df8614e54d7146a9d1a75c5459147) Importer(815301076,1909f56bfc062723c751e8b465ee728b) [PhysX] Initialized MultithreadedTaskDispatcher with 16 workers.
[PhysX] Initialized MultithreadedTaskDispatcher with 16 workers.
 -> (artifact id: '1d86d6aa004afda633008f1758a72985') in 0.011898 seconds
Number of updated asset objects reloaded before import = 0
Number of asset objects unloaded after import = 3
========================================================================
Received Import Request.
  Time since last request: 0.067396 seconds.
  path: Assets/GUI PRO Kit - Fantasy RPG/ResourcesData/Fonts/Alata-Regular-Outline 32 SDF Atlas.png
  artifactKey: Guid(883e18eec575e4397badc8155eaf05d4) Importer(815301076,1909f56bfc062723c751e8b465ee728b)
Start importing Assets/GUI PRO Kit - Fantasy RPG/ResourcesData/Fonts/Alata-Regular-Outline 32 SDF Atlas.png using Guid(883e18eec575e4397badc8155eaf05d4) Importer(815301076,1909f56bfc062723c751e8b465ee728b) [PhysX] Initialized MultithreadedTaskDispatcher with 16 workers.
[PhysX] Initialized MultithreadedTaskDispatcher with 16 workers.
 -> (artifact id: '39832de4905fde544b7b3dd79bf2d75b') in 0.027877 seconds
Number of updated asset objects reloaded before import = 0
Number of asset objects unloaded after import = 3
========================================================================
Received Import Request.
  Time since last request: 0.000019 seconds.
  path: Assets/Art/kyrises-rpg-icon-pack/icons/16x16/armor_01d.png
  artifactKey: Guid(542c5653d4b355349ab89120ba9cf208) Importer(815301076,1909f56bfc062723c751e8b465ee728b)
Start importing Assets/Art/kyrises-rpg-icon-pack/icons/16x16/armor_01d.png using Guid(542c5653d4b355349ab89120ba9cf208) Importer(815301076,1909f56bfc062723c751e8b465ee728b) [PhysX] Initialized MultithreadedTaskDispatcher with 16 workers.
[PhysX] Initialized MultithreadedTaskDispatcher with 16 workers.
 -> (artifact id: 'aecc551a0257787aaaa98ef333ff053b') in 0.016841 seconds
Number of updated asset objects reloaded before import = 0
Number of asset objects unloaded after import = 3
========================================================================
Received Import Request.
  Time since last request: 0.000020 seconds.
  path: Assets/GUI PRO Kit - Fantasy RPG/ResourcesData/Fonts/Alata-Regular-Outline 54 SDF Atlas.png
  artifactKey: Guid(7574acb32e4e74ef981d47f6e2d96b5c) Importer(815301076,1909f56bfc062723c751e8b465ee728b)
Start importing Assets/GUI PRO Kit - Fantasy RPG/ResourcesData/Fonts/Alata-Regular-Outline 54 SDF Atlas.png using Guid(7574acb32e4e74ef981d47f6e2d96b5c) Importer(815301076,1909f56bfc062723c751e8b465ee728b) [PhysX] Initialized MultithreadedTaskDispatcher with 16 workers.
[PhysX] Initialized MultithreadedTaskDispatcher with 16 workers.
 -> (artifact id: 'a38f437f90f9a27b57e098c54fee0329') in 0.027896 seconds
Number of updated asset objects reloaded before import = 0
Number of asset objects unloaded after import = 3
========================================================================
Received Import Request.
  Time since last request: 0.000021 seconds.
  path: Assets/Art/kyrises-rpg-icon-pack/icons/16x16/arrow_01a.png
  artifactKey: Guid(a68a3836cb448c64a8a66c2a788cda20) Importer(815301076,1909f56bfc062723c751e8b465ee728b)
Start importing Assets/Art/kyrises-rpg-icon-pack/icons/16x16/arrow_01a.png using Guid(a68a3836cb448c64a8a66c2a788cda20) Importer(815301076,1909f56bfc062723c751e8b465ee728b) [PhysX] Initialized MultithreadedTaskDispatcher with 16 workers.
[PhysX] Initialized MultithreadedTaskDispatcher with 16 workers.
 -> (artifact id: 'e604d104e2a8826d380caf6d77b0af21') in 0.015110 seconds
Number of updated asset objects reloaded before import = 0
Number of asset objects unloaded after import = 3
========================================================================
Received Import Request.
  Time since last request: 0.000027 seconds.
  path: Assets/Art/kyrises-rpg-icon-pack/icons/32x32/armor_01e.png
  artifactKey: Guid(1a597a9dad163444bbc8feb06d528758) Importer(815301076,1909f56bfc062723c751e8b465ee728b)
Start importing Assets/Art/kyrises-rpg-icon-pack/icons/32x32/armor_01e.png using Guid(1a597a9dad163444bbc8feb06d528758) Importer(815301076,1909f56bfc062723c751e8b465ee728b) [PhysX] Initialized MultithreadedTaskDispatcher with 16 workers.
[PhysX] Initialized MultithreadedTaskDispatcher with 16 workers.
 -> (artifact id: 'a59ca033ff811c4d20b6a945f23f1126') in 0.019959 seconds
Number of updated asset objects reloaded before import = 0
Number of asset objects unloaded after import = 3
========================================================================
Received Import Request.
  Time since last request: 0.061113 seconds.
  path: Assets/Art/kyrises-rpg-icon-pack/icons/48x48/book_03e.png
  artifactKey: Guid(a56765ba46dd0fc43acc7fe7761b5eda) Importer(815301076,1909f56bfc062723c751e8b465ee728b)
Start importing Assets/Art/kyrises-rpg-icon-pack/icons/48x48/book_03e.png using Guid(a56765ba46dd0fc43acc7fe7761b5eda) Importer(815301076,1909f56bfc062723c751e8b465ee728b) [PhysX] Initialized MultithreadedTaskDispatcher with 16 workers.
[PhysX] Initialized MultithreadedTaskDispatcher with 16 workers.
 -> (artifact id: 'cece44442d7e5899760ff5c38696959f') in 0.015412 seconds
Number of updated asset objects reloaded before import = 0
Number of asset objects unloaded after import = 3
========================================================================
Received Import Request.
  Time since last request: 0.000019 seconds.
  path: Assets/Art/kyrises-rpg-icon-pack/icons/32x32/book_03f.png
  artifactKey: Guid(6a9378c4998065847b6c710c07a96474) Importer(815301076,1909f56bfc062723c751e8b465ee728b)
Start importing Assets/Art/kyrises-rpg-icon-pack/icons/32x32/book_03f.png using Guid(6a9378c4998065847b6c710c07a96474) Importer(815301076,1909f56bfc062723c751e8b465ee728b) [PhysX] Initialized MultithreadedTaskDispatcher with 16 workers.
[PhysX] Initialized MultithreadedTaskDispatcher with 16 workers.
 -> (artifact id: '7a5726ddafe6ba49ed040edc5d838987') in 0.012958 seconds
Number of updated asset objects reloaded before import = 0
Number of asset objects unloaded after import = 3
========================================================================
Received Import Request.
  Time since last request: 0.000018 seconds.
  path: Assets/Art/kyrises-rpg-icon-pack/icons/16x16/book_03g.png
  artifactKey: Guid(5093e9b56f018614685f21d6d6aba5c8) Importer(815301076,1909f56bfc062723c751e8b465ee728b)
Start importing Assets/Art/kyrises-rpg-icon-pack/icons/16x16/book_03g.png using Guid(5093e9b56f018614685f21d6d6aba5c8) Importer(815301076,1909f56bfc062723c751e8b465ee728b) [PhysX] Initialized MultithreadedTaskDispatcher with 16 workers.
[PhysX] Initialized MultithreadedTaskDispatcher with 16 workers.
 -> (artifact id: '52a5b6d74cdba4c2abd3908dacd95f3d') in 0.013918 seconds
Number of updated asset objects reloaded before import = 0
Number of asset objects unloaded after import = 3
========================================================================
Received Import Request.
  Time since last request: 0.000021 seconds.
  path: Assets/Art/kyrises-rpg-icon-pack/icons/32x32/book_04a.png
  artifactKey: Guid(07ecab97bb8f6bf48802b3f25b848f15) Importer(815301076,1909f56bfc062723c751e8b465ee728b)
Start importing Assets/Art/kyrises-rpg-icon-pack/icons/32x32/book_04a.png using Guid(07ecab97bb8f6bf48802b3f25b848f15) Importer(815301076,1909f56bfc062723c751e8b465ee728b) [PhysX] Initialized MultithreadedTaskDispatcher with 16 workers.
[PhysX] Initialized MultithreadedTaskDispatcher with 16 workers.
 -> (artifact id: 'cc9146827a57565a0f3ea406362b2ee9') in 0.019278 seconds
Number of updated asset objects reloaded before import = 0
Number of asset objects unloaded after import = 3
========================================================================
Received Import Request.
  Time since last request: 0.111743 seconds.
  path: Assets/Art/kyrises-rpg-icon-pack/icons/32x32/book_04b.png
  artifactKey: Guid(139cceff12029d64f81122c167607744) Importer(815301076,1909f56bfc062723c751e8b465ee728b)
Start importing Assets/Art/kyrises-rpg-icon-pack/icons/32x32/book_04b.png using Guid(139cceff12029d64f81122c167607744) Importer(815301076,1909f56bfc062723c751e8b465ee728b) [PhysX] Initialized MultithreadedTaskDispatcher with 16 workers.
[PhysX] Initialized MultithreadedTaskDispatcher with 16 workers.
 -> (artifact id: 'bc49d2838279813c6c6e41dcb7a93036') in 0.014660 seconds
Number of updated asset objects reloaded before import = 0
Number of asset objects unloaded after import = 3
========================================================================
Received Import Request.
  Time since last request: 0.604144 seconds.
  path: Assets/Art/kyrises-rpg-icon-pack/icons/16x16/book_05g.png
  artifactKey: Guid(b278217651ad6924c97ab12c101066cc) Importer(815301076,1909f56bfc062723c751e8b465ee728b)
Start importing Assets/Art/kyrises-rpg-icon-pack/icons/16x16/book_05g.png using Guid(b278217651ad6924c97ab12c101066cc) Importer(815301076,1909f56bfc062723c751e8b465ee728b) [PhysX] Initialized MultithreadedTaskDispatcher with 16 workers.
[PhysX] Initialized MultithreadedTaskDispatcher with 16 workers.
 -> (artifact id: '4ca59863df43340d0f651462c434f106') in 0.013131 seconds
Number of updated asset objects reloaded before import = 0
Number of asset objects unloaded after import = 3
========================================================================
Received Import Request.
  Time since last request: 0.069933 seconds.
  path: Assets/Art/kyrises-rpg-icon-pack/icons/32x32/bow_01d.png
  artifactKey: Guid(0b95b0b3e3831694aae9d5c8e8a494d4) Importer(815301076,1909f56bfc062723c751e8b465ee728b)
Start importing Assets/Art/kyrises-rpg-icon-pack/icons/32x32/bow_01d.png using Guid(0b95b0b3e3831694aae9d5c8e8a494d4) Importer(815301076,1909f56bfc062723c751e8b465ee728b) [PhysX] Initialized MultithreadedTaskDispatcher with 16 workers.
[PhysX] Initialized MultithreadedTaskDispatcher with 16 workers.
 -> (artifact id: 'd4d7808c6083da63e5a7e9ec89fb2bc2') in 0.015749 seconds
Number of updated asset objects reloaded before import = 0
Number of asset objects unloaded after import = 3
========================================================================
Received Import Request.
  Time since last request: 0.697132 seconds.
  path: Assets/GUI PRO Kit - Fantasy RPG/ResourcesData/Sprites/Component/Icon_PictoIcons_(Original)/btn_icon_arrow_back.png
  artifactKey: Guid(de72d7bf9d66c4c9b96e8f7d4888aa25) Importer(815301076,1909f56bfc062723c751e8b465ee728b)
Start importing Assets/GUI PRO Kit - Fantasy RPG/ResourcesData/Sprites/Component/Icon_PictoIcons_(Original)/btn_icon_arrow_back.png using Guid(de72d7bf9d66c4c9b96e8f7d4888aa25) Importer(815301076,1909f56bfc062723c751e8b465ee728b) [PhysX] Initialized MultithreadedTaskDispatcher with 16 workers.
[PhysX] Initialized MultithreadedTaskDispatcher with 16 workers.
 -> (artifact id: 'dced9b18a322695c107251dd15a33906') in 0.016602 seconds
Number of updated asset objects reloaded before import = 0
Number of asset objects unloaded after import = 3
========================================================================
Received Import Request.
  Time since last request: 0.024584 seconds.
  path: Assets/GUI PRO Kit - Fantasy RPG/ResourcesData/Sprites/Component/Icon_PictoIcons_(Original)/btn_icon_battery_empty.png
  artifactKey: Guid(0e8cd67c865eb4112949d42dda8a6a36) Importer(815301076,1909f56bfc062723c751e8b465ee728b)
Start importing Assets/GUI PRO Kit - Fantasy RPG/ResourcesData/Sprites/Component/Icon_PictoIcons_(Original)/btn_icon_battery_empty.png using Guid(0e8cd67c865eb4112949d42dda8a6a36) Importer(815301076,1909f56bfc062723c751e8b465ee728b) [PhysX] Initialized MultithreadedTaskDispatcher with 16 workers.
[PhysX] Initialized MultithreadedTaskDispatcher with 16 workers.
 -> (artifact id: 'fdcfe2caac8de1719d585e7c3781b859') in 0.018718 seconds
Number of updated asset objects reloaded before import = 0
Number of asset objects unloaded after import = 3
========================================================================
Received Import Request.
  Time since last request: 0.000021 seconds.
  path: Assets/GUI PRO Kit - Fantasy RPG/ResourcesData/Sprites/Component/Icon_PictoIcons_(Original)/btn_icon_battle.png
  artifactKey: Guid(563522f3e1a7e4cfcb6edd2dbff14153) Importer(815301076,1909f56bfc062723c751e8b465ee728b)
Start importing Assets/GUI PRO Kit - Fantasy RPG/ResourcesData/Sprites/Component/Icon_PictoIcons_(Original)/btn_icon_battle.png using Guid(563522f3e1a7e4cfcb6edd2dbff14153) Importer(815301076,1909f56bfc062723c751e8b465ee728b) [PhysX] Initialized MultithreadedTaskDispatcher with 16 workers.
[PhysX] Initialized MultithreadedTaskDispatcher with 16 workers.
 -> (artifact id: '0e88e5a2217e3bb3188616a1dc3b00b7') in 0.015689 seconds
Number of updated asset objects reloaded before import = 0
Number of asset objects unloaded after import = 3
========================================================================
Received Import Request.
  Time since last request: 0.000018 seconds.
  path: Assets/GUI PRO Kit - Fantasy RPG/ResourcesData/Sprites/Component/Icon_PictoIcons_(Original)/btn_icon_bluetooth.png
  artifactKey: Guid(8e207a0a51cab417280474ae7b9665ba) Importer(815301076,1909f56bfc062723c751e8b465ee728b)
Start importing Assets/GUI PRO Kit - Fantasy RPG/ResourcesData/Sprites/Component/Icon_PictoIcons_(Original)/btn_icon_bluetooth.png using Guid(8e207a0a51cab417280474ae7b9665ba) Importer(815301076,1909f56bfc062723c751e8b465ee728b) [PhysX] Initialized MultithreadedTaskDispatcher with 16 workers.
[PhysX] Initialized MultithreadedTaskDispatcher with 16 workers.
 -> (artifact id: '4d3cfd2f57c880bbef74e4cca035a9f6') in 0.020039 seconds
Number of updated asset objects reloaded before import = 0
Number of asset objects unloaded after import = 3
========================================================================
Received Import Request.
  Time since last request: 0.025915 seconds.
  path: Assets/GUI PRO Kit - Fantasy RPG/ResourcesData/Sprites/Component/Icon_PictoIcons_(Original)/btn_icon_coin.png
  artifactKey: Guid(a07e49ea94b8c4827af40df7a2c98dcc) Importer(815301076,1909f56bfc062723c751e8b465ee728b)
Start importing Assets/GUI PRO Kit - Fantasy RPG/ResourcesData/Sprites/Component/Icon_PictoIcons_(Original)/btn_icon_coin.png using Guid(a07e49ea94b8c4827af40df7a2c98dcc) Importer(815301076,1909f56bfc062723c751e8b465ee728b) [PhysX] Initialized MultithreadedTaskDispatcher with 16 workers.
[PhysX] Initialized MultithreadedTaskDispatcher with 16 workers.
 -> (artifact id: '1e200c50ce177a2ec7b6d60b6a032e79') in 0.014898 seconds
Number of updated asset objects reloaded before import = 0
Number of asset objects unloaded after import = 3
========================================================================
Received Import Request.
  Time since last request: 0.000019 seconds.
  path: Assets/GUI PRO Kit - Fantasy RPG/ResourcesData/Sprites/Component/Icon_PictoIcons_(Original)/btn_icon_coin_dollar.png
  artifactKey: Guid(72d4f06b395e34dc6a196d8586fe2ca0) Importer(815301076,1909f56bfc062723c751e8b465ee728b)
Start importing Assets/GUI PRO Kit - Fantasy RPG/ResourcesData/Sprites/Component/Icon_PictoIcons_(Original)/btn_icon_coin_dollar.png using Guid(72d4f06b395e34dc6a196d8586fe2ca0) Importer(815301076,1909f56bfc062723c751e8b465ee728b) [PhysX] Initialized MultithreadedTaskDispatcher with 16 workers.
[PhysX] Initialized MultithreadedTaskDispatcher with 16 workers.
 -> (artifact id: 'aea6ec09efcfffc292f27b59de7f7541') in 0.017599 seconds
Number of updated asset objects reloaded before import = 0
Number of asset objects unloaded after import = 3
========================================================================
Received Import Request.
  Time since last request: 0.196684 seconds.
  path: Assets/GUI PRO Kit - Fantasy RPG/ResourcesData/Sprites/Component/Icon_PictoIcons_(Original)/btn_icon_coin_yen.png
  artifactKey: Guid(5133137d7927a443e8f6b9fbe7553eef) Importer(815301076,1909f56bfc062723c751e8b465ee728b)
Start importing Assets/GUI PRO Kit - Fantasy RPG/ResourcesData/Sprites/Component/Icon_PictoIcons_(Original)/btn_icon_coin_yen.png using Guid(5133137d7927a443e8f6b9fbe7553eef) Importer(815301076,1909f56bfc062723c751e8b465ee728b) [PhysX] Initialized MultithreadedTaskDispatcher with 16 workers.
[PhysX] Initialized MultithreadedTaskDispatcher with 16 workers.
 -> (artifact id: '223ca30a09fef9afd780be3bdf173179') in 0.014549 seconds
Number of updated asset objects reloaded before import = 0
Number of asset objects unloaded after import = 3
========================================================================
Received Import Request.
  Time since last request: 0.000024 seconds.
  path: Assets/GUI PRO Kit - Fantasy RPG/ResourcesData/Sprites/Component/Icon_PictoIcons_(Original)/btn_icon_compass_2.png
  artifactKey: Guid(cce1c87a134224318ae0c69fdb6858d0) Importer(815301076,1909f56bfc062723c751e8b465ee728b)
Start importing Assets/GUI PRO Kit - Fantasy RPG/ResourcesData/Sprites/Component/Icon_PictoIcons_(Original)/btn_icon_compass_2.png using Guid(cce1c87a134224318ae0c69fdb6858d0) Importer(815301076,1909f56bfc062723c751e8b465ee728b) [PhysX] Initialized MultithreadedTaskDispatcher with 16 workers.
[PhysX] Initialized MultithreadedTaskDispatcher with 16 workers.
 -> (artifact id: 'ee6af61cecc2ff6bcddcbd937c9baac9') in 0.014577 seconds
Number of updated asset objects reloaded before import = 0
Number of asset objects unloaded after import = 3
========================================================================
Received Import Request.
  Time since last request: 0.000019 seconds.
  path: Assets/GUI PRO Kit - Fantasy RPG/ResourcesData/Sprites/Component/Icon_PictoIcons_(Original)/btn_icon_coupon.png
  artifactKey: Guid(335d8384c73174cff85bbe6ea068d95f) Importer(815301076,1909f56bfc062723c751e8b465ee728b)
Start importing Assets/GUI PRO Kit - Fantasy RPG/ResourcesData/Sprites/Component/Icon_PictoIcons_(Original)/btn_icon_coupon.png using Guid(335d8384c73174cff85bbe6ea068d95f) Importer(815301076,1909f56bfc062723c751e8b465ee728b) [PhysX] Initialized MultithreadedTaskDispatcher with 16 workers.
[PhysX] Initialized MultithreadedTaskDispatcher with 16 workers.
 -> (artifact id: 'd3bafe3bf5aa304ef7b68838a5c18a04') in 0.016572 seconds
Number of updated asset objects reloaded before import = 0
Number of asset objects unloaded after import = 3
========================================================================
Received Import Request.
  Time since last request: 0.023792 seconds.
  path: Assets/GUI PRO Kit - Fantasy RPG/ResourcesData/Sprites/Component/Icon_PictoIcons_(Original)/btn_icon_earth.png
  artifactKey: Guid(d7d3a080ded1f4d6d896c42322e1124f) Importer(815301076,1909f56bfc062723c751e8b465ee728b)
Start importing Assets/GUI PRO Kit - Fantasy RPG/ResourcesData/Sprites/Component/Icon_PictoIcons_(Original)/btn_icon_earth.png using Guid(d7d3a080ded1f4d6d896c42322e1124f) Importer(815301076,1909f56bfc062723c751e8b465ee728b) [PhysX] Initialized MultithreadedTaskDispatcher with 16 workers.
[PhysX] Initialized MultithreadedTaskDispatcher with 16 workers.
 -> (artifact id: 'ead4faf8804e625ea86d9a81ec610607') in 0.012995 seconds
Number of updated asset objects reloaded before import = 0
Number of asset objects unloaded after import = 3
========================================================================
Received Import Request.
  Time since last request: 0.000018 seconds.
  path: Assets/GUI PRO Kit - Fantasy RPG/ResourcesData/Sprites/Component/Icon_PictoIcons_(Original)/btn_icon_emoji_hate.png
  artifactKey: Guid(017105d830f5f4117be8b9531c932c06) Importer(815301076,1909f56bfc062723c751e8b465ee728b)
Start importing Assets/GUI PRO Kit - Fantasy RPG/ResourcesData/Sprites/Component/Icon_PictoIcons_(Original)/btn_icon_emoji_hate.png using Guid(017105d830f5f4117be8b9531c932c06) Importer(815301076,1909f56bfc062723c751e8b465ee728b) [PhysX] Initialized MultithreadedTaskDispatcher with 16 workers.
[PhysX] Initialized MultithreadedTaskDispatcher with 16 workers.
 -> (artifact id: 'cf04f4143f505eb03945c776089f562c') in 0.012870 seconds
Number of updated asset objects reloaded before import = 0
Number of asset objects unloaded after import = 3
========================================================================
Received Import Request.
  Time since last request: 0.000020 seconds.
  path: Assets/GUI PRO Kit - Fantasy RPG/ResourcesData/Sprites/Component/Icon_PictoIcons_(Original)/btn_icon_emoji_soso.png
  artifactKey: Guid(bc1bdbdf78efb463e921226a0a4d39cb) Importer(815301076,1909f56bfc062723c751e8b465ee728b)
Start importing Assets/GUI PRO Kit - Fantasy RPG/ResourcesData/Sprites/Component/Icon_PictoIcons_(Original)/btn_icon_emoji_soso.png using Guid(bc1bdbdf78efb463e921226a0a4d39cb) Importer(815301076,1909f56bfc062723c751e8b465ee728b) [PhysX] Initialized MultithreadedTaskDispatcher with 16 workers.
[PhysX] Initialized MultithreadedTaskDispatcher with 16 workers.
 -> (artifact id: 'c4016713099ea151d60faf23ee32be7c') in 0.018494 seconds
Number of updated asset objects reloaded before import = 0
Number of asset objects unloaded after import = 3
========================================================================
Received Import Request.
  Time since last request: 0.012435 seconds.
  path: Assets/GUI PRO Kit - Fantasy RPG/ResourcesData/Sprites/Component/Icon_PictoIcons_(Original)/btn_icon_event.png
  artifactKey: Guid(099c91f954ba14b3a840b638607fcb0d) Importer(815301076,1909f56bfc062723c751e8b465ee728b)
Start importing Assets/GUI PRO Kit - Fantasy RPG/ResourcesData/Sprites/Component/Icon_PictoIcons_(Original)/btn_icon_event.png using Guid(099c91f954ba14b3a840b638607fcb0d) Importer(815301076,1909f56bfc062723c751e8b465ee728b) [PhysX] Initialized MultithreadedTaskDispatcher with 16 workers.
[PhysX] Initialized MultithreadedTaskDispatcher with 16 workers.
 -> (artifact id: 'c6073d436d3215e077968288d2146b63') in 0.017128 seconds
Number of updated asset objects reloaded before import = 0
Number of asset objects unloaded after import = 3
========================================================================
Received Import Request.
  Time since last request: 0.000028 seconds.
  path: Assets/GUI PRO Kit - Fantasy RPG/ResourcesData/Sprites/Component/Icon_PictoIcons_(Original)/btn_icon_explore.png
  artifactKey: Guid(ae27798aaca35458aa2d0c687252c732) Importer(815301076,1909f56bfc062723c751e8b465ee728b)
Start importing Assets/GUI PRO Kit - Fantasy RPG/ResourcesData/Sprites/Component/Icon_PictoIcons_(Original)/btn_icon_explore.png using Guid(ae27798aaca35458aa2d0c687252c732) Importer(815301076,1909f56bfc062723c751e8b465ee728b) [PhysX] Initialized MultithreadedTaskDispatcher with 16 workers.
[PhysX] Initialized MultithreadedTaskDispatcher with 16 workers.
 -> (artifact id: '45a8cb0c374a4f9ec1cf33fd1c14e3b2') in 0.019678 seconds
Number of updated asset objects reloaded before import = 0
Number of asset objects unloaded after import = 3
========================================================================
Received Import Request.
  Time since last request: 0.000022 seconds.
  path: Assets/GUI PRO Kit - Fantasy RPG/ResourcesData/Sprites/Component/Icon_PictoIcons_(Original)/btn_icon_eye_show.png
  artifactKey: Guid(a48b33b9638b44bef8c4763a4f3226d4) Importer(815301076,1909f56bfc062723c751e8b465ee728b)
Start importing Assets/GUI PRO Kit - Fantasy RPG/ResourcesData/Sprites/Component/Icon_PictoIcons_(Original)/btn_icon_eye_show.png using Guid(a48b33b9638b44bef8c4763a4f3226d4) Importer(815301076,1909f56bfc062723c751e8b465ee728b) [PhysX] Initialized MultithreadedTaskDispatcher with 16 workers.
[PhysX] Initialized MultithreadedTaskDispatcher with 16 workers.
 -> (artifact id: 'b7a8b9b3c5335044d91c295ce9f4ae10') in 0.017382 seconds
Number of updated asset objects reloaded before import = 0
Number of asset objects unloaded after import = 3
========================================================================
Received Import Request.
  Time since last request: 0.000042 seconds.
  path: Assets/GUI PRO Kit - Fantasy RPG/ResourcesData/Sprites/Component/Icon_PictoIcons_(Original)/btn_icon_file_export.png
  artifactKey: Guid(c8e0fdf3bd556428f8d72144fcbe93b2) Importer(815301076,1909f56bfc062723c751e8b465ee728b)
Start importing Assets/GUI PRO Kit - Fantasy RPG/ResourcesData/Sprites/Component/Icon_PictoIcons_(Original)/btn_icon_file_export.png using Guid(c8e0fdf3bd556428f8d72144fcbe93b2) Importer(815301076,1909f56bfc062723c751e8b465ee728b) [PhysX] Initialized MultithreadedTaskDispatcher with 16 workers.
[PhysX] Initialized MultithreadedTaskDispatcher with 16 workers.
 -> (artifact id: 'f3d702f9c5fb0d435325eaef48a1d06d') in 0.027500 seconds
Number of updated asset objects reloaded before import = 0
Number of asset objects unloaded after import = 3
========================================================================
Received Import Request.
  Time since last request: 0.106671 seconds.
  path: Assets/GUI PRO Kit - Fantasy RPG/ResourcesData/Sprites/Component/Icon_PictoIcons_(Original)/btn_icon_filter.png
  artifactKey: Guid(78d16446c18b84509891ddb4b109fede) Importer(815301076,1909f56bfc062723c751e8b465ee728b)
Start importing Assets/GUI PRO Kit - Fantasy RPG/ResourcesData/Sprites/Component/Icon_PictoIcons_(Original)/btn_icon_filter.png using Guid(78d16446c18b84509891ddb4b109fede) Importer(815301076,1909f56bfc062723c751e8b465ee728b) [PhysX] Initialized MultithreadedTaskDispatcher with 16 workers.
[PhysX] Initialized MultithreadedTaskDispatcher with 16 workers.
 -> (artifact id: '11d5d62d6276daa0e394d1b3a9a295d9') in 0.014630 seconds
Number of updated asset objects reloaded before import = 0
Number of asset objects unloaded after import = 3
========================================================================
Received Import Request.
  Time since last request: 0.000058 seconds.
  path: Assets/GUI PRO Kit - Fantasy RPG/ResourcesData/Sprites/Component/Icon_PictoIcons_(Original)/btn_icon_fist.png
  artifactKey: Guid(360c01700b76843a1aca829fce1f2b7e) Importer(815301076,1909f56bfc062723c751e8b465ee728b)
Start importing Assets/GUI PRO Kit - Fantasy RPG/ResourcesData/Sprites/Component/Icon_PictoIcons_(Original)/btn_icon_fist.png using Guid(360c01700b76843a1aca829fce1f2b7e) Importer(815301076,1909f56bfc062723c751e8b465ee728b) [PhysX] Initialized MultithreadedTaskDispatcher with 16 workers.
[PhysX] Initialized MultithreadedTaskDispatcher with 16 workers.
 -> (artifact id: '5022e138d8132c62aeb1c65087215662') in 0.016537 seconds
Number of updated asset objects reloaded before import = 0
Number of asset objects unloaded after import = 3
========================================================================
Received Import Request.
  Time since last request: 0.000022 seconds.
  path: Assets/GUI PRO Kit - Fantasy RPG/ResourcesData/Sprites/Component/Icon_PictoIcons_(Original)/btn_icon_folder.png
  artifactKey: Guid(b533e362df3544578bcca45bd62ab549) Importer(815301076,1909f56bfc062723c751e8b465ee728b)
Start importing Assets/GUI PRO Kit - Fantasy RPG/ResourcesData/Sprites/Component/Icon_PictoIcons_(Original)/btn_icon_folder.png using Guid(b533e362df3544578bcca45bd62ab549) Importer(815301076,1909f56bfc062723c751e8b465ee728b) [PhysX] Initialized MultithreadedTaskDispatcher with 16 workers.
[PhysX] Initialized MultithreadedTaskDispatcher with 16 workers.
 -> (artifact id: '390254f14854ff2bc3a8e8103c98f5e4') in 0.022811 seconds
Number of updated asset objects reloaded before import = 0
Number of asset objects unloaded after import = 3
========================================================================
Received Import Request.
  Time since last request: 0.654568 seconds.
  path: Assets/GUI PRO Kit - Fantasy RPG/ResourcesData/Sprites/Component/Icon_PictoIcons_(Original)/btn_icon_globe.png
  artifactKey: Guid(c3fd6732aad854fca952d559b1425357) Importer(815301076,1909f56bfc062723c751e8b465ee728b)
Start importing Assets/GUI PRO Kit - Fantasy RPG/ResourcesData/Sprites/Component/Icon_PictoIcons_(Original)/btn_icon_globe.png using Guid(c3fd6732aad854fca952d559b1425357) Importer(815301076,1909f56bfc062723c751e8b465ee728b) [PhysX] Initialized MultithreadedTaskDispatcher with 16 workers.
[PhysX] Initialized MultithreadedTaskDispatcher with 16 workers.
 -> (artifact id: 'ffa47aa6beaef39c6e91790e8ca7a1e7') in 0.018239 seconds
Number of updated asset objects reloaded before import = 0
Number of asset objects unloaded after import = 3
========================================================================
Received Import Request.
  Time since last request: 0.000018 seconds.
  path: Assets/GUI PRO Kit - Fantasy RPG/ResourcesData/Sprites/Component/Icon_PictoIcons_(Original)/btn_icon_google.png
  artifactKey: Guid(475ff2eddb3c449da82180b1fa083328) Importer(815301076,1909f56bfc062723c751e8b465ee728b)
Start importing Assets/GUI PRO Kit - Fantasy RPG/ResourcesData/Sprites/Component/Icon_PictoIcons_(Original)/btn_icon_google.png using Guid(475ff2eddb3c449da82180b1fa083328) Importer(815301076,1909f56bfc062723c751e8b465ee728b) [PhysX] Initialized MultithreadedTaskDispatcher with 16 workers.
[PhysX] Initialized MultithreadedTaskDispatcher with 16 workers.
 -> (artifact id: '1726578bbd05508be04164e6aca97143') in 0.015137 seconds
Number of updated asset objects reloaded before import = 0
Number of asset objects unloaded after import = 3
========================================================================
Received Import Request.
  Time since last request: 0.000020 seconds.
  path: Assets/GUI PRO Kit - Fantasy RPG/ResourcesData/Sprites/Component/Icon_PictoIcons_(Original)/btn_icon_halberd.png
  artifactKey: Guid(e5ea1b15c94cd4302a2b85ececa78d46) Importer(815301076,1909f56bfc062723c751e8b465ee728b)
Start importing Assets/GUI PRO Kit - Fantasy RPG/ResourcesData/Sprites/Component/Icon_PictoIcons_(Original)/btn_icon_halberd.png using Guid(e5ea1b15c94cd4302a2b85ececa78d46) Importer(815301076,1909f56bfc062723c751e8b465ee728b) [PhysX] Initialized MultithreadedTaskDispatcher with 16 workers.
[PhysX] Initialized MultithreadedTaskDispatcher with 16 workers.
 -> (artifact id: '83b8dd8601b1c632bba5c2e6b90efab7') in 0.019169 seconds
Number of updated asset objects reloaded before import = 0
Number of asset objects unloaded after import = 3
========================================================================
Received Import Request.
  Time since last request: 0.016698 seconds.
  path: Assets/GUI PRO Kit - Fantasy RPG/ResourcesData/Sprites/Component/Icon_PictoIcons_(Original)/btn_icon_life.png
  artifactKey: Guid(93a5f71c9f1c64e51953cf9f027b69f9) Importer(815301076,1909f56bfc062723c751e8b465ee728b)
Start importing Assets/GUI PRO Kit - Fantasy RPG/ResourcesData/Sprites/Component/Icon_PictoIcons_(Original)/btn_icon_life.png using Guid(93a5f71c9f1c64e51953cf9f027b69f9) Importer(815301076,1909f56bfc062723c751e8b465ee728b) [PhysX] Initialized MultithreadedTaskDispatcher with 16 workers.
[PhysX] Initialized MultithreadedTaskDispatcher with 16 workers.
 -> (artifact id: 'ebe811fc2f5d30c94151fd7e8b69d81f') in 0.014043 seconds
Number of updated asset objects reloaded before import = 0
Number of asset objects unloaded after import = 3
========================================================================
Received Import Request.
  Time since last request: 0.000025 seconds.
  path: Assets/GUI PRO Kit - Fantasy RPG/ResourcesData/Sprites/Component/Icon_PictoIcons_(Original)/btn_icon_like_1.png
  artifactKey: Guid(95a3ccbe9f9764c5d801ed700c5746d9) Importer(815301076,1909f56bfc062723c751e8b465ee728b)
Start importing Assets/GUI PRO Kit - Fantasy RPG/ResourcesData/Sprites/Component/Icon_PictoIcons_(Original)/btn_icon_like_1.png using Guid(95a3ccbe9f9764c5d801ed700c5746d9) Importer(815301076,1909f56bfc062723c751e8b465ee728b) [PhysX] Initialized MultithreadedTaskDispatcher with 16 workers.
[PhysX] Initialized MultithreadedTaskDispatcher with 16 workers.
 -> (artifact id: '47fc2b4fa4668b9db6f9ddcb1d6142b7') in 0.014493 seconds
Number of updated asset objects reloaded before import = 0
Number of asset objects unloaded after import = 3
========================================================================
Received Import Request.
  Time since last request: 0.000018 seconds.
  path: Assets/GUI PRO Kit - Fantasy RPG/ResourcesData/Sprites/Component/Icon_PictoIcons_(Original)/btn_icon_list_1.png
  artifactKey: Guid(41209adb0c0e6469ab0f56dd8d78a27e) Importer(815301076,1909f56bfc062723c751e8b465ee728b)
Start importing Assets/GUI PRO Kit - Fantasy RPG/ResourcesData/Sprites/Component/Icon_PictoIcons_(Original)/btn_icon_list_1.png using Guid(41209adb0c0e6469ab0f56dd8d78a27e) Importer(815301076,1909f56bfc062723c751e8b465ee728b) [PhysX] Initialized MultithreadedTaskDispatcher with 16 workers.
[PhysX] Initialized MultithreadedTaskDispatcher with 16 workers.
 -> (artifact id: 'bcebabe599ec460e2b9568990d66a233') in 0.015483 seconds
Number of updated asset objects reloaded before import = 0
Number of asset objects unloaded after import = 3
========================================================================
Received Import Request.
  Time since last request: 0.000018 seconds.
  path: Assets/GUI PRO Kit - Fantasy RPG/ResourcesData/Sprites/Component/Icon_PictoIcons_(Original)/btn_icon_location_1.png
  artifactKey: Guid(d330c1eb6049c4003be8420e8df09a10) Importer(815301076,1909f56bfc062723c751e8b465ee728b)
Start importing Assets/GUI PRO Kit - Fantasy RPG/ResourcesData/Sprites/Component/Icon_PictoIcons_(Original)/btn_icon_location_1.png using Guid(d330c1eb6049c4003be8420e8df09a10) Importer(815301076,1909f56bfc062723c751e8b465ee728b) [PhysX] Initialized MultithreadedTaskDispatcher with 16 workers.
[PhysX] Initialized MultithreadedTaskDispatcher with 16 workers.
 -> (artifact id: '10338579e0b4d1d5fe481890bc84d301') in 0.018569 seconds
Number of updated asset objects reloaded before import = 0
Number of asset objects unloaded after import = 3
========================================================================
Received Import Request.
  Time since last request: 0.211141 seconds.
  path: Assets/GUI PRO Kit - Fantasy RPG/ResourcesData/Sprites/Component/Icon_PictoIcons_(Original)/btn_icon_lucky.png
  artifactKey: Guid(166231bd9cc3547cdbb05acb1fbe35a2) Importer(815301076,1909f56bfc062723c751e8b465ee728b)
Start importing Assets/GUI PRO Kit - Fantasy RPG/ResourcesData/Sprites/Component/Icon_PictoIcons_(Original)/btn_icon_lucky.png using Guid(166231bd9cc3547cdbb05acb1fbe35a2) Importer(815301076,1909f56bfc062723c751e8b465ee728b) [PhysX] Initialized MultithreadedTaskDispatcher with 16 workers.
[PhysX] Initialized MultithreadedTaskDispatcher with 16 workers.
 -> (artifact id: '84c58806bec8933cb2c35aaff7c5afe6') in 0.015038 seconds
Number of updated asset objects reloaded before import = 0
Number of asset objects unloaded after import = 3
========================================================================
Received Import Request.
  Time since last request: 0.000018 seconds.
  path: Assets/GUI PRO Kit - Fantasy RPG/ResourcesData/Sprites/Component/Icon_PictoIcons_(Original)/btn_icon_magnetic.png
  artifactKey: Guid(eb9e1a1775fb94ee9927b36cca4e3690) Importer(815301076,1909f56bfc062723c751e8b465ee728b)
Start importing Assets/GUI PRO Kit - Fantasy RPG/ResourcesData/Sprites/Component/Icon_PictoIcons_(Original)/btn_icon_magnetic.png using Guid(eb9e1a1775fb94ee9927b36cca4e3690) Importer(815301076,1909f56bfc062723c751e8b465ee728b) [PhysX] Initialized MultithreadedTaskDispatcher with 16 workers.
[PhysX] Initialized MultithreadedTaskDispatcher with 16 workers.
 -> (artifact id: 'ead5a09adb8612fbf812ab9f429ef250') in 0.016740 seconds
Number of updated asset objects reloaded before import = 0
Number of asset objects unloaded after import = 3
========================================================================
Received Import Request.
  Time since last request: 0.000023 seconds.
  path: Assets/GUI PRO Kit - Fantasy RPG/ResourcesData/Sprites/Component/Icon_PictoIcons_(Original)/btn_icon_male.png
  artifactKey: Guid(dee24264ccb9a4d099f326bf7a505108) Importer(815301076,1909f56bfc062723c751e8b465ee728b)
Start importing Assets/GUI PRO Kit - Fantasy RPG/ResourcesData/Sprites/Component/Icon_PictoIcons_(Original)/btn_icon_male.png using Guid(dee24264ccb9a4d099f326bf7a505108) Importer(815301076,1909f56bfc062723c751e8b465ee728b) [PhysX] Initialized MultithreadedTaskDispatcher with 16 workers.
[PhysX] Initialized MultithreadedTaskDispatcher with 16 workers.
 -> (artifact id: 'ff3ad386f78c37a13b14f56b8dbb99fe') in 0.019371 seconds
Number of updated asset objects reloaded before import = 0
Number of asset objects unloaded after import = 3
========================================================================
Received Import Request.
  Time since last request: 0.022481 seconds.
  path: Assets/GUI PRO Kit - Fantasy RPG/ResourcesData/Sprites/Component/Icon_PictoIcons_(Original)/btn_icon_mic.png
  artifactKey: Guid(24441b112939c4fa487df92d3c2efffd) Importer(815301076,1909f56bfc062723c751e8b465ee728b)
Start importing Assets/GUI PRO Kit - Fantasy RPG/ResourcesData/Sprites/Component/Icon_PictoIcons_(Original)/btn_icon_mic.png using Guid(24441b112939c4fa487df92d3c2efffd) Importer(815301076,1909f56bfc062723c751e8b465ee728b) [PhysX] Initialized MultithreadedTaskDispatcher with 16 workers.
[PhysX] Initialized MultithreadedTaskDispatcher with 16 workers.
 -> (artifact id: 'dbaad8b7abf023a4b050e49c62265152') in 0.017765 seconds
Number of updated asset objects reloaded before import = 0
Number of asset objects unloaded after import = 3
========================================================================
Received Import Request.
  Time since last request: 0.000020 seconds.
  path: Assets/GUI PRO Kit - Fantasy RPG/ResourcesData/Sprites/Component/Icon_PictoIcons_(Original)/btn_icon_mobile.png
  artifactKey: Guid(ac3a4fba0e35648ab8fca0c8e7c09d90) Importer(815301076,1909f56bfc062723c751e8b465ee728b)
Start importing Assets/GUI PRO Kit - Fantasy RPG/ResourcesData/Sprites/Component/Icon_PictoIcons_(Original)/btn_icon_mobile.png using Guid(ac3a4fba0e35648ab8fca0c8e7c09d90) Importer(815301076,1909f56bfc062723c751e8b465ee728b) [PhysX] Initialized MultithreadedTaskDispatcher with 16 workers.
[PhysX] Initialized MultithreadedTaskDispatcher with 16 workers.
 -> (artifact id: 'efd8332172cc4e2820533fcdd0e02c8b') in 0.016143 seconds
Number of updated asset objects reloaded before import = 0
Number of asset objects unloaded after import = 3
========================================================================
Received Import Request.
  Time since last request: 0.000028 seconds.
  path: Assets/GUI PRO Kit - Fantasy RPG/ResourcesData/Sprites/Component/Icon_PictoIcons_(Original)/btn_icon_mode_min.png
  artifactKey: Guid(6361366390c05451ea257ee2236a9a6f) Importer(815301076,1909f56bfc062723c751e8b465ee728b)
Start importing Assets/GUI PRO Kit - Fantasy RPG/ResourcesData/Sprites/Component/Icon_PictoIcons_(Original)/btn_icon_mode_min.png using Guid(6361366390c05451ea257ee2236a9a6f) Importer(815301076,1909f56bfc062723c751e8b465ee728b) [PhysX] Initialized MultithreadedTaskDispatcher with 16 workers.
[PhysX] Initialized MultithreadedTaskDispatcher with 16 workers.
 -> (artifact id: '6556698b76902be205dd5b2517b96a3a') in 0.022101 seconds
Number of updated asset objects reloaded before import = 0
Number of asset objects unloaded after import = 3
========================================================================
Received Import Request.
  Time since last request: 1.213376 seconds.
  path: Assets/GUI PRO Kit - Fantasy RPG/ResourcesData/Sprites/Component/Icon_PictoIcons_(Original)/btn_icon_mountain.png
  artifactKey: Guid(024777cbc65ce4831ba1f512bd8820e1) Importer(815301076,1909f56bfc062723c751e8b465ee728b)
Start importing Assets/GUI PRO Kit - Fantasy RPG/ResourcesData/Sprites/Component/Icon_PictoIcons_(Original)/btn_icon_mountain.png using Guid(024777cbc65ce4831ba1f512bd8820e1) Importer(815301076,1909f56bfc062723c751e8b465ee728b) [PhysX] Initialized MultithreadedTaskDispatcher with 16 workers.
[PhysX] Initialized MultithreadedTaskDispatcher with 16 workers.
 -> (artifact id: '65367a66636a945d06c089d4aeddf6b1') in 0.015699 seconds
Number of updated asset objects reloaded before import = 0
Number of asset objects unloaded after import = 3
========================================================================
Received Import Request.
  Time since last request: 0.000018 seconds.
  path: Assets/GUI PRO Kit - Fantasy RPG/ResourcesData/Sprites/Component/Icon_PictoIcons_(Original)/btn_icon_music_mute.png
  artifactKey: Guid(bb1ae5d09342640959cfe157cf93622f) Importer(815301076,1909f56bfc062723c751e8b465ee728b)
Start importing Assets/GUI PRO Kit - Fantasy RPG/ResourcesData/Sprites/Component/Icon_PictoIcons_(Original)/btn_icon_music_mute.png using Guid(bb1ae5d09342640959cfe157cf93622f) Importer(815301076,1909f56bfc062723c751e8b465ee728b) [PhysX] Initialized MultithreadedTaskDispatcher with 16 workers.
[PhysX] Initialized MultithreadedTaskDispatcher with 16 workers.
 -> (artifact id: 'f80b4d3e41c2f419d3454959bdeac801') in 0.015555 seconds
Number of updated asset objects reloaded before import = 0
Number of asset objects unloaded after import = 3
========================================================================
Received Import Request.
  Time since last request: 0.000025 seconds.
  path: Assets/GUI PRO Kit - Fantasy RPG/ResourcesData/Sprites/Component/Icon_PictoIcons_(Original)/btn_icon_notification.png
  artifactKey: Guid(75236f9beab21459bbe90f8a4152e5da) Importer(815301076,1909f56bfc062723c751e8b465ee728b)
Start importing Assets/GUI PRO Kit - Fantasy RPG/ResourcesData/Sprites/Component/Icon_PictoIcons_(Original)/btn_icon_notification.png using Guid(75236f9beab21459bbe90f8a4152e5da) Importer(815301076,1909f56bfc062723c751e8b465ee728b) [PhysX] Initialized MultithreadedTaskDispatcher with 16 workers.
[PhysX] Initialized MultithreadedTaskDispatcher with 16 workers.
 -> (artifact id: '29fa87beba37a94097b1cfda3bd0570d') in 0.018243 seconds
Number of updated asset objects reloaded before import = 0
Number of asset objects unloaded after import = 3
========================================================================
Received Import Request.
  Time since last request: 0.027051 seconds.
  path: Assets/GUI PRO Kit - Fantasy RPG/ResourcesData/Sprites/Component/Icon_PictoIcons_(Original)/btn_icon_player_rw.png
  artifactKey: Guid(4282e5e69b25f4b6e85266261a2f8dbb) Importer(815301076,1909f56bfc062723c751e8b465ee728b)
Start importing Assets/GUI PRO Kit - Fantasy RPG/ResourcesData/Sprites/Component/Icon_PictoIcons_(Original)/btn_icon_player_rw.png using Guid(4282e5e69b25f4b6e85266261a2f8dbb) Importer(815301076,1909f56bfc062723c751e8b465ee728b) [PhysX] Initialized MultithreadedTaskDispatcher with 16 workers.
[PhysX] Initialized MultithreadedTaskDispatcher with 16 workers.
 -> (artifact id: '95402a254accd0ad8edde819af7154fd') in 0.014427 seconds
Number of updated asset objects reloaded before import = 0
Number of asset objects unloaded after import = 3
========================================================================
Received Import Request.
  Time since last request: 0.008466 seconds.
  path: Assets/GUI PRO Kit - Fantasy RPG/ResourcesData/Sprites/Component/Icon_PictoIcons_(Original)/btn_icon_pot.png
  artifactKey: Guid(deca537e8770146128538c7469ce9439) Importer(815301076,1909f56bfc062723c751e8b465ee728b)
Start importing Assets/GUI PRO Kit - Fantasy RPG/ResourcesData/Sprites/Component/Icon_PictoIcons_(Original)/btn_icon_pot.png using Guid(deca537e8770146128538c7469ce9439) Importer(815301076,1909f56bfc062723c751e8b465ee728b) [PhysX] Initialized MultithreadedTaskDispatcher with 16 workers.
[PhysX] Initialized MultithreadedTaskDispatcher with 16 workers.
 -> (artifact id: '6b8ac8d6f02fed6cb7a0ed2c29d8678c') in 0.024489 seconds
Number of updated asset objects reloaded before import = 0
Number of asset objects unloaded after import = 3
========================================================================
Received Import Request.
  Time since last request: 0.570263 seconds.
  path: Assets/GUI PRO Kit - Fantasy RPG/ResourcesData/Sprites/Component/Icon_PictoIcons_(Original)/btn_icon_preference_1.png
  artifactKey: Guid(b9836b081c5a5423bb729ef67f18a239) Importer(815301076,1909f56bfc062723c751e8b465ee728b)
Start importing Assets/GUI PRO Kit - Fantasy RPG/ResourcesData/Sprites/Component/Icon_PictoIcons_(Original)/btn_icon_preference_1.png using Guid(b9836b081c5a5423bb729ef67f18a239) Importer(815301076,1909f56bfc062723c751e8b465ee728b) [PhysX] Initialized MultithreadedTaskDispatcher with 16 workers.
[PhysX] Initialized MultithreadedTaskDispatcher with 16 workers.
 -> (artifact id: '1d7e8e1235bf024c1c7975ff74e82143') in 0.014213 seconds
Number of updated asset objects reloaded before import = 0
Number of asset objects unloaded after import = 3
========================================================================
Received Import Request.
  Time since last request: 0.005968 seconds.
  path: Assets/GUI PRO Kit - Fantasy RPG/ResourcesData/Sprites/Component/Icon_PictoIcons_(Original)/btn_icon_qrcode.png
  artifactKey: Guid(312689820ecc54c5bbbdd90aee55a207) Importer(815301076,1909f56bfc062723c751e8b465ee728b)
Start importing Assets/GUI PRO Kit - Fantasy RPG/ResourcesData/Sprites/Component/Icon_PictoIcons_(Original)/btn_icon_qrcode.png using Guid(312689820ecc54c5bbbdd90aee55a207) Importer(815301076,1909f56bfc062723c751e8b465ee728b) [PhysX] Initialized MultithreadedTaskDispatcher with 16 workers.
[PhysX] Initialized MultithreadedTaskDispatcher with 16 workers.
 -> (artifact id: '4aea3a5c0a63b12eb6729c37092fd4ff') in 0.016555 seconds
Number of updated asset objects reloaded before import = 0
Number of asset objects unloaded after import = 3
========================================================================
Received Import Request.
  Time since last request: 0.020026 seconds.
  path: Assets/GUI PRO Kit - Fantasy RPG/ResourcesData/Sprites/Component/Icon_PictoIcons_(Original)/btn_icon_ranking.png
  artifactKey: Guid(db8eba1a4c86e4713b37c3e7af68ea85) Importer(815301076,1909f56bfc062723c751e8b465ee728b)
Start importing Assets/GUI PRO Kit - Fantasy RPG/ResourcesData/Sprites/Component/Icon_PictoIcons_(Original)/btn_icon_ranking.png using Guid(db8eba1a4c86e4713b37c3e7af68ea85) Importer(815301076,1909f56bfc062723c751e8b465ee728b) [PhysX] Initialized MultithreadedTaskDispatcher with 16 workers.
[PhysX] Initialized MultithreadedTaskDispatcher with 16 workers.
 -> (artifact id: '1f0534583b62692d65ced8076333c91a') in 0.014899 seconds
Number of updated asset objects reloaded before import = 0
Number of asset objects unloaded after import = 3
========================================================================
Received Import Request.
  Time since last request: 0.004966 seconds.
  path: Assets/GUI PRO Kit - Fantasy RPG/ResourcesData/Sprites/Component/Icon_PictoIcons_(Original)/btn_icon_revive_1.png
  artifactKey: Guid(6eae971d04e1846e7a68b635caa8dd26) Importer(815301076,1909f56bfc062723c751e8b465ee728b)
Start importing Assets/GUI PRO Kit - Fantasy RPG/ResourcesData/Sprites/Component/Icon_PictoIcons_(Original)/btn_icon_revive_1.png using Guid(6eae971d04e1846e7a68b635caa8dd26) Importer(815301076,1909f56bfc062723c751e8b465ee728b) [PhysX] Initialized MultithreadedTaskDispatcher with 16 workers.
[PhysX] Initialized MultithreadedTaskDispatcher with 16 workers.
 -> (artifact id: '5c99b3c69bc91e0336e2c87ae660d129') in 0.017194 seconds
Number of updated asset objects reloaded before import = 0
Number of asset objects unloaded after import = 3
========================================================================
Received Import Request.
  Time since last request: 0.031283 seconds.
  path: Assets/GUI PRO Kit - Fantasy RPG/ResourcesData/Sprites/Component/Icon_PictoIcons_(Original)/btn_icon_shine.png
  artifactKey: Guid(aff23992db5e040a0b1bd59259bcf120) Importer(815301076,1909f56bfc062723c751e8b465ee728b)
Start importing Assets/GUI PRO Kit - Fantasy RPG/ResourcesData/Sprites/Component/Icon_PictoIcons_(Original)/btn_icon_shine.png using Guid(aff23992db5e040a0b1bd59259bcf120) Importer(815301076,1909f56bfc062723c751e8b465ee728b) [PhysX] Initialized MultithreadedTaskDispatcher with 16 workers.
[PhysX] Initialized MultithreadedTaskDispatcher with 16 workers.
 -> (artifact id: '9051d56c844d5fcb9844fcd988c7879b') in 0.013317 seconds
Number of updated asset objects reloaded before import = 0
Number of asset objects unloaded after import = 3
========================================================================
Received Import Request.
  Time since last request: 0.005896 seconds.
  path: Assets/GUI PRO Kit - Fantasy RPG/ResourcesData/Sprites/Component/Icon_PictoIcons_(Original)/btn_icon_skull.png
  artifactKey: Guid(6375ee604922547709d4cba093674eac) Importer(815301076,1909f56bfc062723c751e8b465ee728b)
Start importing Assets/GUI PRO Kit - Fantasy RPG/ResourcesData/Sprites/Component/Icon_PictoIcons_(Original)/btn_icon_skull.png using Guid(6375ee604922547709d4cba093674eac) Importer(815301076,1909f56bfc062723c751e8b465ee728b) [PhysX] Initialized MultithreadedTaskDispatcher with 16 workers.
[PhysX] Initialized MultithreadedTaskDispatcher with 16 workers.
 -> (artifact id: '607708db14cbfd9f6bfdbd9c46f0d119') in 0.013838 seconds
Number of updated asset objects reloaded before import = 0
Number of asset objects unloaded after import = 3
========================================================================
Received Import Request.
  Time since last request: 0.354688 seconds.
  path: Assets/GUI PRO Kit - Fantasy RPG/ResourcesData/Sprites/Component/Icon_PictoIcons_(Original)/btn_icon_sns_youtube.png
  artifactKey: Guid(06335665c447d45608673a1bb76f35f0) Importer(815301076,1909f56bfc062723c751e8b465ee728b)
Start importing Assets/GUI PRO Kit - Fantasy RPG/ResourcesData/Sprites/Component/Icon_PictoIcons_(Original)/btn_icon_sns_youtube.png using Guid(06335665c447d45608673a1bb76f35f0) Importer(815301076,1909f56bfc062723c751e8b465ee728b) [PhysX] Initialized MultithreadedTaskDispatcher with 16 workers.
[PhysX] Initialized MultithreadedTaskDispatcher with 16 workers.
 -> (artifact id: '6d370c6443b7a7250a187ad3f9b6d361') in 0.017217 seconds
Number of updated asset objects reloaded before import = 0
Number of asset objects unloaded after import = 3
========================================================================
Received Import Request.
  Time since last request: 0.002437 seconds.
  path: Assets/GUI PRO Kit - Fantasy RPG/ResourcesData/Sprites/Component/Icon_PictoIcons_(Original)/btn_icon_spin.png
  artifactKey: Guid(5205207609dbb4882be3fb1fb9b3ea77) Importer(815301076,1909f56bfc062723c751e8b465ee728b)
Start importing Assets/GUI PRO Kit - Fantasy RPG/ResourcesData/Sprites/Component/Icon_PictoIcons_(Original)/btn_icon_spin.png using Guid(5205207609dbb4882be3fb1fb9b3ea77) Importer(815301076,1909f56bfc062723c751e8b465ee728b) [PhysX] Initialized MultithreadedTaskDispatcher with 16 workers.
[PhysX] Initialized MultithreadedTaskDispatcher with 16 workers.
 -> (artifact id: 'd13d331992d2596127dce4be7c3d45c3') in 0.014459 seconds
Number of updated asset objects reloaded before import = 0
Number of asset objects unloaded after import = 3
========================================================================
Received Import Request.
  Time since last request: 0.046135 seconds.
  path: Assets/GUI PRO Kit - Fantasy RPG/ResourcesData/Sprites/Component/Icon_PictoIcons_(Original)/btn_icon_suffle.png
  artifactKey: Guid(83e2f47868ba7452a8bba3ed5038224c) Importer(815301076,1909f56bfc062723c751e8b465ee728b)
Start importing Assets/GUI PRO Kit - Fantasy RPG/ResourcesData/Sprites/Component/Icon_PictoIcons_(Original)/btn_icon_suffle.png using Guid(83e2f47868ba7452a8bba3ed5038224c) Importer(815301076,1909f56bfc062723c751e8b465ee728b) [PhysX] Initialized MultithreadedTaskDispatcher with 16 workers.
[PhysX] Initialized MultithreadedTaskDispatcher with 16 workers.
 -> (artifact id: '1d33ab76fe820b03aa805950399ae36a') in 0.015428 seconds
Number of updated asset objects reloaded before import = 0
Number of asset objects unloaded after import = 3
========================================================================
Received Import Request.
  Time since last request: 0.000018 seconds.
  path: Assets/GUI PRO Kit - Fantasy RPG/ResourcesData/Sprites/Component/Icon_PictoIcons_(Original)/btn_icon_sword_1.png
  artifactKey: Guid(21cd4c9a521fb4aee958351c51a5c332) Importer(815301076,1909f56bfc062723c751e8b465ee728b)
Start importing Assets/GUI PRO Kit - Fantasy RPG/ResourcesData/Sprites/Component/Icon_PictoIcons_(Original)/btn_icon_sword_1.png using Guid(21cd4c9a521fb4aee958351c51a5c332) Importer(815301076,1909f56bfc062723c751e8b465ee728b) [PhysX] Initialized MultithreadedTaskDispatcher with 16 workers.
[PhysX] Initialized MultithreadedTaskDispatcher with 16 workers.
 -> (artifact id: '7637fb69464876e715c08d55e77383fe') in 0.017540 seconds
Number of updated asset objects reloaded before import = 0
Number of asset objects unloaded after import = 3
========================================================================
Received Import Request.
  Time since last request: 1.853025 seconds.
  path: Assets/GUI PRO Kit - Fantasy RPG/ResourcesData/Sprites/Component/Icon_PictoIcons_(Original)/btn_icon_target_2.png
  artifactKey: Guid(79a7bd59d147d4c72a808b17a5b0f148) Importer(815301076,1909f56bfc062723c751e8b465ee728b)
Start importing Assets/GUI PRO Kit - Fantasy RPG/ResourcesData/Sprites/Component/Icon_PictoIcons_(Original)/btn_icon_target_2.png using Guid(79a7bd59d147d4c72a808b17a5b0f148) Importer(815301076,1909f56bfc062723c751e8b465ee728b) [PhysX] Initialized MultithreadedTaskDispatcher with 16 workers.
[PhysX] Initialized MultithreadedTaskDispatcher with 16 workers.
 -> (artifact id: 'a73bbfde2cbf3f263b5ac3279cb9e4d0') in 0.017453 seconds
Number of updated asset objects reloaded before import = 0
Number of asset objects unloaded after import = 3
========================================================================
Received Import Request.
  Time since last request: 0.000154 seconds.
  path: Assets/GUI PRO Kit - Fantasy RPG/ResourcesData/Sprites/Component/Icon_PictoIcons_(Original)/btn_icon_time_1.png
  artifactKey: Guid(6b07cf91152af40299274b9f287c3a04) Importer(815301076,1909f56bfc062723c751e8b465ee728b)
Start importing Assets/GUI PRO Kit - Fantasy RPG/ResourcesData/Sprites/Component/Icon_PictoIcons_(Original)/btn_icon_time_1.png using Guid(6b07cf91152af40299274b9f287c3a04) Importer(815301076,1909f56bfc062723c751e8b465ee728b) [PhysX] Initialized MultithreadedTaskDispatcher with 16 workers.
[PhysX] Initialized MultithreadedTaskDispatcher with 16 workers.
 -> (artifact id: 'bb27c5e45e72bc0091e85145291498ee') in 0.017705 seconds
Number of updated asset objects reloaded before import = 0
Number of asset objects unloaded after import = 3
========================================================================
Received Import Request.
  Time since last request: 0.032847 seconds.
  path: Assets/GUI PRO Kit - Fantasy RPG/ResourcesData/Sprites/Component/Icon_PictoIcons_(Original)/btn_icon_user_3.png
  artifactKey: Guid(d9ae29f237241464cb505726df6141ce) Importer(815301076,1909f56bfc062723c751e8b465ee728b)
Start importing Assets/GUI PRO Kit - Fantasy RPG/ResourcesData/Sprites/Component/Icon_PictoIcons_(Original)/btn_icon_user_3.png using Guid(d9ae29f237241464cb505726df6141ce) Importer(815301076,1909f56bfc062723c751e8b465ee728b) [PhysX] Initialized MultithreadedTaskDispatcher with 16 workers.
[PhysX] Initialized MultithreadedTaskDispatcher with 16 workers.
 -> (artifact id: '7cc0505c7cad02f4c49bb4b1a7e36b93') in 0.014793 seconds
Number of updated asset objects reloaded before import = 0
Number of asset objects unloaded after import = 3
========================================================================
Received Import Request.
  Time since last request: 0.005119 seconds.
  path: Assets/GUI PRO Kit - Fantasy RPG/ResourcesData/Sprites/Component/Icon_PictoIcons_(Original)/btn_icon_volume.png
  artifactKey: Guid(9af7b610439ce48e690737c093887ab1) Importer(815301076,1909f56bfc062723c751e8b465ee728b)
Start importing Assets/GUI PRO Kit - Fantasy RPG/ResourcesData/Sprites/Component/Icon_PictoIcons_(Original)/btn_icon_volume.png using Guid(9af7b610439ce48e690737c093887ab1) Importer(815301076,1909f56bfc062723c751e8b465ee728b) [PhysX] Initialized MultithreadedTaskDispatcher with 16 workers.
[PhysX] Initialized MultithreadedTaskDispatcher with 16 workers.
 -> (artifact id: '8470c27f05123437c1f73288e36eea8b') in 0.019264 seconds
Number of updated asset objects reloaded before import = 0
Number of asset objects unloaded after import = 3
========================================================================
Received Import Request.
  Time since last request: 0.036853 seconds.
  path: Assets/GUI PRO Kit - Fantasy RPG/ResourcesData/Sprites/Component/Icon_PictoIcons_(Original)/btn_icon_yang.png
  artifactKey: Guid(e6aa1e82035f94643be4f2f651e6b403) Importer(815301076,1909f56bfc062723c751e8b465ee728b)
Start importing Assets/GUI PRO Kit - Fantasy RPG/ResourcesData/Sprites/Component/Icon_PictoIcons_(Original)/btn_icon_yang.png using Guid(e6aa1e82035f94643be4f2f651e6b403) Importer(815301076,1909f56bfc062723c751e8b465ee728b) [PhysX] Initialized MultithreadedTaskDispatcher with 16 workers.
[PhysX] Initialized MultithreadedTaskDispatcher with 16 workers.
 -> (artifact id: '8417e9b7cb0fa2754a671996f680bad3') in 0.012736 seconds
Number of updated asset objects reloaded before import = 0
Number of asset objects unloaded after import = 3
========================================================================
Received Import Request.
  Time since last request: 0.006341 seconds.
  path: Assets/GUI PRO Kit - Fantasy RPG/ResourcesData/Sprites/Component/Button/btn_rectangle_01_n_blue.png
  artifactKey: Guid(6900647849bf74c2daec9082ae11cc1c) Importer(815301076,1909f56bfc062723c751e8b465ee728b)
Start importing Assets/GUI PRO Kit - Fantasy RPG/ResourcesData/Sprites/Component/Button/btn_rectangle_01_n_blue.png using Guid(6900647849bf74c2daec9082ae11cc1c) Importer(815301076,1909f56bfc062723c751e8b465ee728b) [PhysX] Initialized MultithreadedTaskDispatcher with 16 workers.
[PhysX] Initialized MultithreadedTaskDispatcher with 16 workers.
 -> (artifact id: 'b313c390a438e8d1d41460c0a06ca356') in 0.018916 seconds
Number of updated asset objects reloaded before import = 0
Number of asset objects unloaded after import = 3
========================================================================
Received Import Request.
  Time since last request: 0.841685 seconds.
  path: Assets/GUI PRO Kit - Fantasy RPG/ResourcesData/Sprites/Component/Button/btn_rectangle_01_n_darkgray.png
  artifactKey: Guid(19a745caa897a41759d4b8b5d0b482f2) Importer(815301076,1909f56bfc062723c751e8b465ee728b)
Start importing Assets/GUI PRO Kit - Fantasy RPG/ResourcesData/Sprites/Component/Button/btn_rectangle_01_n_darkgray.png using Guid(19a745caa897a41759d4b8b5d0b482f2) Importer(815301076,1909f56bfc062723c751e8b465ee728b) [PhysX] Initialized MultithreadedTaskDispatcher with 16 workers.
[PhysX] Initialized MultithreadedTaskDispatcher with 16 workers.
 -> (artifact id: '7be725ee4cfe0e7e1dd93fa9c4883d4e') in 0.013810 seconds
Number of updated asset objects reloaded before import = 0
Number of asset objects unloaded after import = 3
========================================================================
Received Import Request.
  Time since last request: 0.006528 seconds.
  path: Assets/GUI PRO Kit - Fantasy RPG/ResourcesData/Sprites/Component/Button/btn_rectangle_01_n_purple.png
  artifactKey: Guid(8c291789626564f05ab21623737d19dd) Importer(815301076,1909f56bfc062723c751e8b465ee728b)
Start importing Assets/GUI PRO Kit - Fantasy RPG/ResourcesData/Sprites/Component/Button/btn_rectangle_01_n_purple.png using Guid(8c291789626564f05ab21623737d19dd) Importer(815301076,1909f56bfc062723c751e8b465ee728b) [PhysX] Initialized MultithreadedTaskDispatcher with 16 workers.
[PhysX] Initialized MultithreadedTaskDispatcher with 16 workers.
 -> (artifact id: 'bf95e824ef1dbc7b213c4c08f6a635aa') in 0.016525 seconds
Number of updated asset objects reloaded before import = 0
Number of asset objects unloaded after import = 3
========================================================================
Received Import Request.
  Time since last request: 0.034945 seconds.
  path: Assets/GUI PRO Kit - Fantasy RPG/ResourcesData/Sprites/Component/Button/btn_rectangle_04.png
  artifactKey: Guid(0b29ca37e82c442a58508328c4509fea) Importer(815301076,1909f56bfc062723c751e8b465ee728b)
Start importing Assets/GUI PRO Kit - Fantasy RPG/ResourcesData/Sprites/Component/Button/btn_rectangle_04.png using Guid(0b29ca37e82c442a58508328c4509fea) Importer(815301076,1909f56bfc062723c751e8b465ee728b) [PhysX] Initialized MultithreadedTaskDispatcher with 16 workers.
[PhysX] Initialized MultithreadedTaskDispatcher with 16 workers.
 -> (artifact id: 'eec02a9db2843102874a75efed7fa9d5') in 0.014323 seconds
Number of updated asset objects reloaded before import = 0
Number of asset objects unloaded after import = 3
========================================================================
Received Import Request.
  Time since last request: 0.005453 seconds.
  path: Assets/Art/kyrises-rpg-icon-pack/icons/32x32/candle_01a.png
  artifactKey: Guid(92046b42925f3884caa54c2ccafac49d) Importer(815301076,1909f56bfc062723c751e8b465ee728b)
Start importing Assets/Art/kyrises-rpg-icon-pack/icons/32x32/candle_01a.png using Guid(92046b42925f3884caa54c2ccafac49d) Importer(815301076,1909f56bfc062723c751e8b465ee728b) [PhysX] Initialized MultithreadedTaskDispatcher with 16 workers.
[PhysX] Initialized MultithreadedTaskDispatcher with 16 workers.
 -> (artifact id: '1c261a4509870bd1cee37fdd014b98f9') in 0.013421 seconds
Number of updated asset objects reloaded before import = 0
Number of asset objects unloaded after import = 3
========================================================================
Received Import Request.
  Time since last request: 0.039460 seconds.
  path: Assets/Art/kyrises-rpg-icon-pack/icons/16x16/candy_01e.png
  artifactKey: Guid(7acfb026d1aa6234f802670c0b1529b0) Importer(815301076,1909f56bfc062723c751e8b465ee728b)
Start importing Assets/Art/kyrises-rpg-icon-pack/icons/16x16/candy_01e.png using Guid(7acfb026d1aa6234f802670c0b1529b0) Importer(815301076,1909f56bfc062723c751e8b465ee728b) [PhysX] Initialized MultithreadedTaskDispatcher with 16 workers.
[PhysX] Initialized MultithreadedTaskDispatcher with 16 workers.
 -> (artifact id: '979aadc125a00ef3e79d36a2a56a7c1a') in 0.014338 seconds
Number of updated asset objects reloaded before import = 0
Number of asset objects unloaded after import = 3
========================================================================
Received Import Request.
  Time since last request: 0.003139 seconds.
  path: Assets/Art/kyrises-rpg-icon-pack/icons/48x48/candy_01f.png
  artifactKey: Guid(34fe40ca3b379b64b86b04650e81b1cc) Importer(815301076,1909f56bfc062723c751e8b465ee728b)
Start importing Assets/Art/kyrises-rpg-icon-pack/icons/48x48/candy_01f.png using Guid(34fe40ca3b379b64b86b04650e81b1cc) Importer(815301076,1909f56bfc062723c751e8b465ee728b) [PhysX] Initialized MultithreadedTaskDispatcher with 16 workers.
[PhysX] Initialized MultithreadedTaskDispatcher with 16 workers.
 -> (artifact id: 'fd088acf96e831c5667fee192bc631b9') in 0.019004 seconds
Number of updated asset objects reloaded before import = 0
Number of asset objects unloaded after import = 3
========================================================================
Received Import Request.
  Time since last request: 0.902807 seconds.
  path: Assets/Art/kyrises-rpg-icon-pack/icons/16x16/candy_01a.png
  artifactKey: Guid(4df966442ba2d9645b53d0951a02f0db) Importer(815301076,1909f56bfc062723c751e8b465ee728b)
Start importing Assets/Art/kyrises-rpg-icon-pack/icons/16x16/candy_01a.png using Guid(4df966442ba2d9645b53d0951a02f0db) Importer(815301076,1909f56bfc062723c751e8b465ee728b) [PhysX] Initialized MultithreadedTaskDispatcher with 16 workers.
[PhysX] Initialized MultithreadedTaskDispatcher with 16 workers.
 -> (artifact id: 'b1b84e80cc52cce0fe558478c558b5c8') in 0.012367 seconds
Number of updated asset objects reloaded before import = 0
Number of asset objects unloaded after import = 3
========================================================================
Received Import Request.
  Time since last request: 0.005354 seconds.
  path: Assets/Art/kyrises-rpg-icon-pack/icons/16x16/candy_01b.png
  artifactKey: Guid(b555dfec4eec6eb45bb08024a0cd8b98) Importer(815301076,1909f56bfc062723c751e8b465ee728b)
Start importing Assets/Art/kyrises-rpg-icon-pack/icons/16x16/candy_01b.png using Guid(b555dfec4eec6eb45bb08024a0cd8b98) Importer(815301076,1909f56bfc062723c751e8b465ee728b) [PhysX] Initialized MultithreadedTaskDispatcher with 16 workers.
[PhysX] Initialized MultithreadedTaskDispatcher with 16 workers.
 -> (artifact id: '9e26a7defd18af7088533c7904b41aa3') in 0.016282 seconds
Number of updated asset objects reloaded before import = 0
Number of asset objects unloaded after import = 3
========================================================================
Received Import Request.
  Time since last request: 1.300902 seconds.
  path: Assets/Art/kyrises-rpg-icon-pack/icons/48x48/candy_02e.png
  artifactKey: Guid(9a6d84f2c6b54ec4caaa3cd5de3454f4) Importer(815301076,1909f56bfc062723c751e8b465ee728b)
Start importing Assets/Art/kyrises-rpg-icon-pack/icons/48x48/candy_02e.png using Guid(9a6d84f2c6b54ec4caaa3cd5de3454f4) Importer(815301076,1909f56bfc062723c751e8b465ee728b) [PhysX] Initialized MultithreadedTaskDispatcher with 16 workers.
[PhysX] Initialized MultithreadedTaskDispatcher with 16 workers.
 -> (artifact id: '6e3670036a52a804062d22293632388b') in 0.013728 seconds
Number of updated asset objects reloaded before import = 0
Number of asset objects unloaded after import = 3
========================================================================
Received Import Request.
  Time since last request: 0.004494 seconds.
  path: Assets/Art/kyrises-rpg-icon-pack/icons/48x48/candy_02f.png
  artifactKey: Guid(735dd94d9657ce9458e71d0d6b89f1fe) Importer(815301076,1909f56bfc062723c751e8b465ee728b)
Start importing Assets/Art/kyrises-rpg-icon-pack/icons/48x48/candy_02f.png using Guid(735dd94d9657ce9458e71d0d6b89f1fe) Importer(815301076,1909f56bfc062723c751e8b465ee728b) [PhysX] Initialized MultithreadedTaskDispatcher with 16 workers.
[PhysX] Initialized MultithreadedTaskDispatcher with 16 workers.
 -> (artifact id: '8f7ddb225b919c89d16cbcf065dfc278') in 0.018522 seconds
Number of updated asset objects reloaded before import = 0
Number of asset objects unloaded after import = 3
Editor requested this worker to shutdown with reason: Scaling down because of idle timeout
TcpMessagingSession - receive error: operation aborted. errorcode: 995, details: The I/O operation has been aborted because of either a thread exit or an application request.
AssetImportWorker is now disconnected from the server
Process exiting
Exiting without the bug reporter. Application will terminate with return code 0